# JRE version: OpenJDK Runtime Environment Temurin-17.0.11+9 (17.0.11+9) (build 17.0.11+9)
# Java VM: OpenJDK 64-Bit Server VM Temurin-17.0.11+9 (17.0.11+9, mixed mode, tiered, compressed oops, compressed class ptrs, parallel gc, windows-amd64)
GC Precious Log:
 CPUs: 12 total, 12 available
 Memory: 16234M
 Large Page Support: Disabled
 NUMA Support: Disabled
 Compressed Oops: Enabled (32-bit)
 Alignments: Space 512K, Generation 512K, Heap 2M
 Heap Min Capacity: 100M
 Heap Initial Capacity: 100M
 Heap Max Capacity: 1G
 Pre-touch: Disabled
 Parallel Workers: 10
Heap:
 PSYoungGen      total 17920K, used 5530K [0x00000000eab00000, 0x00000000ebd80000, 0x0000000100000000)
  eden space 17408K, 28% used [0x00000000eab00000,0x00000000eafe6f08,0x00000000ebc00000)
  from space 512K, 99% used [0x00000000ebc80000,0x00000000ebcffb18,0x00000000ebd00000)
  to   space 512K, 0% used [0x00000000ebc00000,0x00000000ebc00000,0x00000000ebc80000)
 ParOldGen       total 88064K, used 73748K [0x00000000c0000000, 0x00000000c5600000, 0x00000000eab00000)
  object space 88064K, 83% used [0x00000000c0000000,0x00000000c48050b8,0x00000000c5600000)
 Metaspace       used 64240K, committed 65536K, reserved 1114112K
  class space    used 6885K, committed 7488K, reserved 1048576K
GC Heap History (20 events):
Event: 18.088 GC heap before
{Heap before GC invocations=58 (full 4):
 PSYoungGen      total 17408K, used 480K [0x00000000eab00000, 0x00000000ebd00000, 0x0000000100000000)
  eden space 16896K, 0% used [0x00000000eab00000,0x00000000eab00000,0x00000000ebb80000)
  from space 512K, 93% used [0x00000000ebc80000,0x00000000ebcf8000,0x00000000ebd00000)
  to   space 512K, 0% used [0x00000000ebc00000,0x00000000ebc00000,0x00000000ebc80000)
 ParOldGen       total 72704K, used 70779K [0x00000000c0000000, 0x00000000c4700000, 0x00000000eab00000)
  object space 72704K, 97% used [0x00000000c0000000,0x00000000c451eed8,0x00000000c4700000)
 Metaspace       used 64037K, committed 65216K, reserved 1114112K
  class space    used 6869K, committed 7424K, reserved 1048576K
}
Event: 18.151 GC heap after
{Heap after GC invocations=58 (full 4):
 PSYoungGen      total 17408K, used 0K [0x00000000eab00000, 0x00000000ebd00000, 0x0000000100000000)
  eden space 16896K, 0% used [0x00000000eab00000,0x00000000eab00000,0x00000000ebb80000)
  from space 512K, 0% used [0x00000000ebc00000,0x00000000ebc00000,0x00000000ebc80000)
  to   space 512K, 0% used [0x00000000ebc80000,0x00000000ebc80000,0x00000000ebd00000)
 ParOldGen       total 72704K, used 62183K [0x00000000c0000000, 0x00000000c4700000, 0x00000000eab00000)
  object space 72704K, 85% used [0x00000000c0000000,0x00000000c3cb9f50,0x00000000c4700000)
 Metaspace       used 64037K, committed 65216K, reserved 1114112K
  class space    used 6869K, committed 7424K, reserved 1048576K
}
Event: 18.171 GC heap before
{Heap before GC invocations=59 (full 4):
 PSYoungGen      total 17408K, used 16896K [0x00000000eab00000, 0x00000000ebd00000, 0x0000000100000000)
  eden space 16896K, 100% used [0x00000000eab00000,0x00000000ebb80000,0x00000000ebb80000)
  from space 512K, 0% used [0x00000000ebc00000,0x00000000ebc00000,0x00000000ebc80000)
  to   space 512K, 0% used [0x00000000ebc80000,0x00000000ebc80000,0x00000000ebd00000)
 ParOldGen       total 72704K, used 62183K [0x00000000c0000000, 0x00000000c4700000, 0x00000000eab00000)
  object space 72704K, 85% used [0x00000000c0000000,0x00000000c3cb9f80,0x00000000c4700000)
 Metaspace       used 64039K, committed 65216K, reserved 1114112K
  class space    used 6869K, committed 7424K, reserved 1048576K
}
Event: 18.174 GC heap after
{Heap after GC invocations=59 (full 4):
 PSYoungGen      total 17408K, used 496K [0x00000000eab00000, 0x00000000ebd00000, 0x0000000100000000)
  eden space 16896K, 0% used [0x00000000eab00000,0x00000000eab00000,0x00000000ebb80000)
  from space 512K, 96% used [0x00000000ebc80000,0x00000000ebcfc010,0x00000000ebd00000)
  to   space 512K, 0% used [0x00000000ebc00000,0x00000000ebc00000,0x00000000ebc80000)
 ParOldGen       total 72704K, used 69859K [0x00000000c0000000, 0x00000000c4700000, 0x00000000eab00000)
  object space 72704K, 96% used [0x00000000c0000000,0x00000000c4438f90,0x00000000c4700000)
 Metaspace       used 64039K, committed 65216K, reserved 1114112K
  class space    used 6869K, committed 7424K, reserved 1048576K
}
Event: 18.174 GC heap before
{Heap before GC invocations=60 (full 5):
 PSYoungGen      total 17408K, used 496K [0x00000000eab00000, 0x00000000ebd00000, 0x0000000100000000)
  eden space 16896K, 0% used [0x00000000eab00000,0x00000000eab00000,0x00000000ebb80000)
  from space 512K, 96% used [0x00000000ebc80000,0x00000000ebcfc010,0x00000000ebd00000)
  to   space 512K, 0% used [0x00000000ebc00000,0x00000000ebc00000,0x00000000ebc80000)
 ParOldGen       total 72704K, used 69859K [0x00000000c0000000, 0x00000000c4700000, 0x00000000eab00000)
  object space 72704K, 96% used [0x00000000c0000000,0x00000000c4438f90,0x00000000c4700000)
 Metaspace       used 64039K, committed 65216K, reserved 1114112K
  class space    used 6869K, committed 7424K, reserved 1048576K
}
Event: 18.232 GC heap after
{Heap after GC invocations=60 (full 5):
 PSYoungGen      total 17408K, used 0K [0x00000000eab00000, 0x00000000ebd00000, 0x0000000100000000)
  eden space 16896K, 0% used [0x00000000eab00000,0x00000000eab00000,0x00000000ebb80000)
  from space 512K, 0% used [0x00000000ebc00000,0x00000000ebc00000,0x00000000ebc80000)
  to   space 512K, 0% used [0x00000000ebc80000,0x00000000ebc80000,0x00000000ebd00000)
 ParOldGen       total 72704K, used 66163K [0x00000000c0000000, 0x00000000c4700000, 0x00000000eab00000)
  object space 72704K, 91% used [0x00000000c0000000,0x00000000c409cef8,0x00000000c4700000)
 Metaspace       used 64039K, committed 65216K, reserved 1114112K
  class space    used 6869K, committed 7424K, reserved 1048576K
}
Event: 18.241 GC heap before
{Heap before GC invocations=61 (full 5):
 PSYoungGen      total 17408K, used 6130K [0x00000000eab00000, 0x00000000ebd00000, 0x0000000100000000)
  eden space 16896K, 36% used [0x00000000eab00000,0x00000000eb0fc828,0x00000000ebb80000)
  from space 512K, 0% used [0x00000000ebc00000,0x00000000ebc00000,0x00000000ebc80000)
  to   space 512K, 0% used [0x00000000ebc80000,0x00000000ebc80000,0x00000000ebd00000)
 ParOldGen       total 72704K, used 66163K [0x00000000c0000000, 0x00000000c4700000, 0x00000000eab00000)
  object space 72704K, 91% used [0x00000000c0000000,0x00000000c409cef8,0x00000000c4700000)
 Metaspace       used 64049K, committed 65216K, reserved 1114112K
  class space    used 6869K, committed 7424K, reserved 1048576K
}
Event: 18.242 GC heap after
{Heap after GC invocations=61 (full 5):
 PSYoungGen      total 14848K, used 352K [0x00000000eab00000, 0x00000000ec380000, 0x0000000100000000)
  eden space 14336K, 0% used [0x00000000eab00000,0x00000000eab00000,0x00000000eb900000)
  from space 512K, 68% used [0x00000000ebc80000,0x00000000ebcd8000,0x00000000ebd00000)
  to   space 3584K, 0% used [0x00000000eb900000,0x00000000eb900000,0x00000000ebc80000)
 ParOldGen       total 72704K, used 66163K [0x00000000c0000000, 0x00000000c4700000, 0x00000000eab00000)
  object space 72704K, 91% used [0x00000000c0000000,0x00000000c409cef8,0x00000000c4700000)
 Metaspace       used 64049K, committed 65216K, reserved 1114112K
  class space    used 6869K, committed 7424K, reserved 1048576K
}
Event: 18.242 GC heap before
{Heap before GC invocations=62 (full 5):
 PSYoungGen      total 14848K, used 352K [0x00000000eab00000, 0x00000000ec380000, 0x0000000100000000)
  eden space 14336K, 0% used [0x00000000eab00000,0x00000000eab00000,0x00000000eb900000)
  from space 512K, 68% used [0x00000000ebc80000,0x00000000ebcd8000,0x00000000ebd00000)
  to   space 3584K, 0% used [0x00000000eb900000,0x00000000eb900000,0x00000000ebc80000)
 ParOldGen       total 72704K, used 66163K [0x00000000c0000000, 0x00000000c4700000, 0x00000000eab00000)
  object space 72704K, 91% used [0x00000000c0000000,0x00000000c409cef8,0x00000000c4700000)
 Metaspace       used 64049K, committed 65216K, reserved 1114112K
  class space    used 6869K, committed 7424K, reserved 1048576K
}
Event: 18.242 GC heap after
{Heap after GC invocations=62 (full 5):
 PSYoungGen      total 14848K, used 352K [0x00000000eab00000, 0x00000000ebd00000, 0x0000000100000000)
  eden space 14336K, 0% used [0x00000000eab00000,0x00000000eab00000,0x00000000eb900000)
  from space 512K, 68% used [0x00000000eb900000,0x00000000eb958000,0x00000000eb980000)
  to   space 1024K, 0% used [0x00000000ebc00000,0x00000000ebc00000,0x00000000ebd00000)
 ParOldGen       total 72704K, used 66163K [0x00000000c0000000, 0x00000000c4700000, 0x00000000eab00000)
  object space 72704K, 91% used [0x00000000c0000000,0x00000000c409cef8,0x00000000c4700000)
 Metaspace       used 64049K, committed 65216K, reserved 1114112K
  class space    used 6869K, committed 7424K, reserved 1048576K
}
Event: 18.242 GC heap before
{Heap before GC invocations=63 (full 6):
 PSYoungGen      total 14848K, used 352K [0x00000000eab00000, 0x00000000ebd00000, 0x0000000100000000)
  eden space 14336K, 0% used [0x00000000eab00000,0x00000000eab00000,0x00000000eb900000)
  from space 512K, 68% used [0x00000000eb900000,0x00000000eb958000,0x00000000eb980000)
  to   space 1024K, 0% used [0x00000000ebc00000,0x00000000ebc00000,0x00000000ebd00000)
 ParOldGen       total 72704K, used 66163K [0x00000000c0000000, 0x00000000c4700000, 0x00000000eab00000)
  object space 72704K, 91% used [0x00000000c0000000,0x00000000c409cef8,0x00000000c4700000)
 Metaspace       used 64049K, committed 65216K, reserved 1114112K
  class space    used 6869K, committed 7424K, reserved 1048576K
}
Event: 18.304 GC heap after
{Heap after GC invocations=63 (full 6):
 PSYoungGen      total 16384K, used 0K [0x00000000eab00000, 0x00000000ebc80000, 0x0000000100000000)
  eden space 15872K, 0% used [0x00000000eab00000,0x00000000eab00000,0x00000000eba80000)
  from space 512K, 0% used [0x00000000ebc00000,0x00000000ebc00000,0x00000000ebc80000)
  to   space 1024K, 0% used [0x00000000eba80000,0x00000000eba80000,0x00000000ebb80000)
 ParOldGen       total 72704K, used 66247K [0x00000000c0000000, 0x00000000c4700000, 0x00000000eab00000)
  object space 72704K, 91% used [0x00000000c0000000,0x00000000c40b1e30,0x00000000c4700000)
 Metaspace       used 64049K, committed 65216K, reserved 1114112K
  class space    used 6869K, committed 7424K, reserved 1048576K
}
Event: 18.310 GC heap before
{Heap before GC invocations=64 (full 6):
 PSYoungGen      total 16384K, used 15872K [0x00000000eab00000, 0x00000000ebc80000, 0x0000000100000000)
  eden space 15872K, 100% used [0x00000000eab00000,0x00000000eba80000,0x00000000eba80000)
  from space 512K, 0% used [0x00000000ebc00000,0x00000000ebc00000,0x00000000ebc80000)
  to   space 1024K, 0% used [0x00000000eba80000,0x00000000eba80000,0x00000000ebb80000)
 ParOldGen       total 72704K, used 66247K [0x00000000c0000000, 0x00000000c4700000, 0x00000000eab00000)
  object space 72704K, 91% used [0x00000000c0000000,0x00000000c40b1e30,0x00000000c4700000)
 Metaspace       used 64049K, committed 65216K, reserved 1114112K
  class space    used 6869K, committed 7424K, reserved 1048576K
}
Event: 18.319 GC heap after
{Heap after GC invocations=64 (full 6):
 PSYoungGen      total 16896K, used 256K [0x00000000eab00000, 0x00000000ebd00000, 0x0000000100000000)
  eden space 15872K, 0% used [0x00000000eab00000,0x00000000eab00000,0x00000000eba80000)
  from space 1024K, 25% used [0x00000000eba80000,0x00000000ebac0000,0x00000000ebb80000)
  to   space 512K, 0% used [0x00000000ebc80000,0x00000000ebc80000,0x00000000ebd00000)
 ParOldGen       total 88064K, used 81567K [0x00000000c0000000, 0x00000000c5600000, 0x00000000eab00000)
  object space 88064K, 92% used [0x00000000c0000000,0x00000000c4fa7e40,0x00000000c5600000)
 Metaspace       used 64049K, committed 65216K, reserved 1114112K
  class space    used 6869K, committed 7424K, reserved 1048576K
}
Event: 18.319 GC heap before
{Heap before GC invocations=65 (full 7):
 PSYoungGen      total 16896K, used 256K [0x00000000eab00000, 0x00000000ebd00000, 0x0000000100000000)
  eden space 15872K, 0% used [0x00000000eab00000,0x00000000eab00000,0x00000000eba80000)
  from space 1024K, 25% used [0x00000000eba80000,0x00000000ebac0000,0x00000000ebb80000)
  to   space 512K, 0% used [0x00000000ebc80000,0x00000000ebc80000,0x00000000ebd00000)
 ParOldGen       total 88064K, used 81567K [0x00000000c0000000, 0x00000000c5600000, 0x00000000eab00000)
  object space 88064K, 92% used [0x00000000c0000000,0x00000000c4fa7e40,0x00000000c5600000)
 Metaspace       used 64049K, committed 65216K, reserved 1114112K
  class space    used 6869K, committed 7424K, reserved 1048576K
}
Event: 18.368 GC heap after
{Heap after GC invocations=65 (full 7):
 PSYoungGen      total 17408K, used 0K [0x00000000eab00000, 0x00000000ebd00000, 0x0000000100000000)
  eden space 16896K, 0% used [0x00000000eab00000,0x00000000eab00000,0x00000000ebb80000)
  from space 512K, 0% used [0x00000000ebc80000,0x00000000ebc80000,0x00000000ebd00000)
  to   space 512K, 0% used [0x00000000ebc00000,0x00000000ebc00000,0x00000000ebc80000)
 ParOldGen       total 88064K, used 73930K [0x00000000c0000000, 0x00000000c5600000, 0x00000000eab00000)
  object space 88064K, 83% used [0x00000000c0000000,0x00000000c4832848,0x00000000c5600000)
 Metaspace       used 64049K, committed 65216K, reserved 1114112K
  class space    used 6869K, committed 7424K, reserved 1048576K
}
Event: 18.394 GC heap before
{Heap before GC invocations=66 (full 8):
 PSYoungGen      total 17408K, used 16896K [0x00000000eab00000, 0x00000000ebd00000, 0x0000000100000000)
  eden space 16896K, 100% used [0x00000000eab00000,0x00000000ebb80000,0x00000000ebb80000)
  from space 512K, 0% used [0x00000000ebc80000,0x00000000ebc80000,0x00000000ebd00000)
  to   space 512K, 0% used [0x00000000ebc00000,0x00000000ebc00000,0x00000000ebc80000)
 ParOldGen       total 88064K, used 73930K [0x00000000c0000000, 0x00000000c5600000, 0x00000000eab00000)
  object space 88064K, 83% used [0x00000000c0000000,0x00000000c4832848,0x00000000c5600000)
 Metaspace       used 64075K, committed 65344K, reserved 1114112K
  class space    used 6871K, committed 7424K, reserved 1048576K
}
Event: 18.447 GC heap after
{Heap after GC invocations=66 (full 8):
 PSYoungGen      total 17408K, used 0K [0x00000000eab00000, 0x00000000ebd00000, 0x0000000100000000)
  eden space 16896K, 0% used [0x00000000eab00000,0x00000000eab00000,0x00000000ebb80000)
  from space 512K, 0% used [0x00000000ebc00000,0x00000000ebc00000,0x00000000ebc80000)
  to   space 512K, 0% used [0x00000000ebc80000,0x00000000ebc80000,0x00000000ebd00000)
 ParOldGen       total 88064K, used 85083K [0x00000000c0000000, 0x00000000c5600000, 0x00000000eab00000)
  object space 88064K, 96% used [0x00000000c0000000,0x00000000c5316d28,0x00000000c5600000)
 Metaspace       used 64075K, committed 65344K, reserved 1114112K
  class space    used 6871K, committed 7424K, reserved 1048576K
}
Event: 18.456 GC heap before
{Heap before GC invocations=67 (full 9):
 PSYoungGen      total 17408K, used 16896K [0x00000000eab00000, 0x00000000ebd00000, 0x0000000100000000)
  eden space 16896K, 100% used [0x00000000eab00000,0x00000000ebb80000,0x00000000ebb80000)
  from space 512K, 0% used [0x00000000ebc00000,0x00000000ebc00000,0x00000000ebc80000)
  to   space 512K, 0% used [0x00000000ebc80000,0x00000000ebc80000,0x00000000ebd00000)
 ParOldGen       total 88064K, used 85083K [0x00000000c0000000, 0x00000000c5600000, 0x00000000eab00000)
  object space 88064K, 96% used [0x00000000c0000000,0x00000000c5316d28,0x00000000c5600000)
 Metaspace       used 64091K, committed 65344K, reserved 1114112K
  class space    used 6873K, committed 7424K, reserved 1048576K
}
Event: 18.497 GC heap after
{Heap after GC invocations=67 (full 9):
 PSYoungGen      total 17920K, used 0K [0x00000000eab00000, 0x00000000ebd80000, 0x0000000100000000)
  eden space 17408K, 0% used [0x00000000eab00000,0x00000000eab00000,0x00000000ebc00000)
  from space 512K, 0% used [0x00000000ebc80000,0x00000000ebc80000,0x00000000ebd00000)
  to   space 512K, 0% used [0x00000000ebc00000,0x00000000ebc00000,0x00000000ebc80000)
 ParOldGen       total 88064K, used 68776K [0x00000000c0000000, 0x00000000c5600000, 0x00000000eab00000)
  object space 88064K, 78% used [0x00000000c0000000,0x00000000c432a1d8,0x00000000c5600000)
 Metaspace       used 64091K, committed 65344K, reserved 1114112K
  class space    used 6873K, committed 7424K, reserved 1048576K
}

